This is XeTeX, Version 3.141592653-2.6-0.999994 (TeX Live 2022/Arch Linux) (preloaded format=xelatex 2022.12.15)  17 DEC 2022 11:05
entering extended mode
 \write18 enabled.
 %&-line parsing enabled.
**config.tex
(./config.tex
LaTeX2e <2021-11-15> patch level 1
L3 programming layer <2022-04-10>)
*
! Emergency stop.
<*> 
    
End of file on the terminal!

 
Here is how much of TeX's memory you used:
 25 strings out of 476156
 364 string characters out of 5814962
 298780 words of memory out of 5000000
 20902 multiletter control sequences out of 15000+600000
 469259 words of font info for 28 fonts, out of 8000000 for 9000
 1348 hyphenation exceptions out of 8191
 12i,0n,12p,115b,10s stack positions out of 5000i,500n,10000p,200000b,80000s
No pages of output.
