This is XeTeX, Version 3.141592653-2.6-0.999994 (TeX Live 2022/Arch Linux) (preloaded format=xelatex 2022.12.4)  15 DEC 2022 11:46
entering extended mode
 restricted \write18 enabled.
 %&-line parsing enabled.
**content.tex
(./content.tex
LaTeX2e <2021-11-15> patch level 1
L3 programming layer <2022-04-10>
! Undefined control sequence.
l.1 \section
            *{Постановка задачи}
? 
! Interruption.
<to be read again> 
                   *
l.1 \section*
             {Постановка задачи}
? 

! LaTeX Error: Missing \begin{document}.

See the LaTeX manual or LaTeX Companion for explanation.
Type  H <return>  for immediate help.
 ...                                              
                                                  
l.1 \section*
             {Постановка задачи}
? 
Missing character: There is no * ("2A) in font nullfont!
Missing character: There is no П ("41F) in font nullfont!
Missing character: There is no о ("43E) in font nullfont!
Missing character: There is no с ("441) in font nullfont!
Missing character: There is no т ("442) in font nullfont!
Missing character: There is no а ("430) in font nullfont!
Missing character: There is no н ("43D) in font nullfont!
Missing character: There is no о ("43E) in font nullfont!
Missing character: There is no в ("432) in font nullfont!
Missing character: There is no к ("43A) in font nullfont!
Missing character: There is no а ("430) in font nullfont!
Missing character: There is no з ("437) in font nullfont!
Missing character: There is no а ("430) in font nullfont!
Missing character: There is no д ("434) in font nullfont!
Missing character: There is no а ("430) in font nullfont!
Missing character: There is no ч ("447) in font nullfont!
Missing character: There is no и ("438) in font nullfont!
Missing character: There is no Н ("41D) in font nullfont!
Missing character: There is no е ("435) in font nullfont!
Missing character: There is no о ("43E) in font nullfont!
Missing character: There is no б ("431) in font nullfont!
Missing character: There is no х ("445) in font nullfont!
Missing character: There is no о ("43E) in font nullfont!
Missing character: There is no д ("434) in font nullfont!
Missing character: There is no и ("438) in font nullfont!
Missing character: There is no м ("43C) in font nullfont!
Missing character: There is no о ("43E) in font nullfont!
Missing character: There is no с ("441) in font nullfont!
Missing character: There is no д ("434) in font nullfont!
Missing character: There is no е ("435) in font nullfont!
Missing character: There is no л ("43B) in font nullfont!
Missing character: There is no а ("430) in font nullfont!
Missing character: There is no т ("442) in font nullfont!
Missing character: There is no ь ("44C) in font nullfont!
Missing character: There is no н ("43D) in font nullfont!
Missing character: There is no о ("43E) in font nullfont!
Missing character: There is no р ("440) in font nullfont!
Missing character: There is no м ("43C) in font nullfont!
Missing character: There is no а ("430) in font nullfont!
Missing character: There is no л ("43B) in font nullfont!
Missing character: There is no ь ("44C) in font nullfont!
Missing character: There is no н ("43D) in font nullfont!
Missing character: There is no ы ("44B) in font nullfont!
Missing character: There is no й ("439) in font nullfont!
Missing character: There is no ш ("448) in font nullfont!
Missing character: There is no а ("430) in font nullfont!
Missing character: There is no б ("431) in font nullfont!
Missing character: There is no л ("43B) in font nullfont!
Missing character: There is no о ("43E) in font nullfont!
Missing character: There is no н ("43D) in font nullfont!
Missing character: There is no д ("434) in font nullfont!
Missing character: There is no л ("43B) in font nullfont!
Missing character: There is no я ("44F) in font nullfont!
Missing character: There is no о ("43E) in font nullfont!
Missing character: There is no т ("442) in font nullfont!
Missing character: There is no ч ("447) in font nullfont!
Missing character: There is no ё ("451) in font nullfont!
Missing character: There is no т ("442) in font nullfont!
Missing character: There is no о ("43E) in font nullfont!
Missing character: There is no в ("432) in font nullfont!
Missing character: There is no в ("432) in font nullfont!
Missing character: There is no У ("423) in font nullfont!
Missing character: There is no н ("43D) in font nullfont!
Missing character: There is no и ("438) in font nullfont!
Missing character: There is no в ("432) in font nullfont!
Missing character: There is no е ("435) in font nullfont!
Missing character: There is no р ("440) in font nullfont!
Missing character: There is no с ("441) in font nullfont!
Missing character: There is no и ("438) in font nullfont!
Missing character: There is no т ("442) in font nullfont!
Missing character: There is no е ("435) in font nullfont!
Missing character: There is no т ("442) in font nullfont!
Missing character: There is no е ("435) in font nullfont!
Missing character: There is no И ("418) in font nullfont!
Missing character: There is no Т ("422) in font nullfont!
Missing character: There is no М ("41C) in font nullfont!
Missing character: There is no О ("41E) in font nullfont!
Missing character: There is no . ("2E) in font nullfont!
Missing character: There is no С ("421) in font nullfont!
Missing character: There is no т ("442) in font nullfont!
Missing character: There is no р ("440) in font nullfont!
Missing character: There is no у ("443) in font nullfont!
Missing character: There is no к ("43A) in font nullfont!
Missing character: There is no т ("442) in font nullfont!
Missing character: There is no у ("443) in font nullfont!
Missing character: There is no р ("440) in font nullfont!
Missing character: There is no а ("430) in font nullfont!
Missing character: There is no о ("43E) in font nullfont!
Missing character: There is no т ("442) in font nullfont!
Missing character: There is no ч ("447) in font nullfont!
Missing character: There is no ё ("451) in font nullfont!
Missing character: There is no т ("442) in font nullfont!
Missing character: There is no о ("43E) in font nullfont!
Missing character: There is no в ("432) in font nullfont!
Missing character: There is no м ("43C) in font nullfont!
Missing character: There is no о ("43E) in font nullfont!
Missing character: There is no ж ("436) in font nullfont!
Missing character: There is no е ("435) in font nullfont!
Missing character: There is no т ("442) in font nullfont!
Missing character: There is no б ("431) in font nullfont!
Missing character: There is no ы ("44B) in font nullfont!
Missing character: There is no т ("442) in font nullfont!
Missing character: There is no ь ("44C) in font nullfont!
Missing character: There is no р ("440) in font nullfont!
Missing character: There is no а ("430) in font nullfont!
Missing character: There is no з ("437) in font nullfont!
Missing character: There is no н ("43D) in font nullfont!
Missing character: There is no о ("43E) in font nullfont!
Missing character: There is no й ("439) in font nullfont!
Missing character: There is no , ("2C) in font nullfont!
Missing character: There is no з ("437) in font nullfont!
Missing character: There is no а ("430) in font nullfont!
Missing character: There is no в ("432) in font nullfont!
Missing character: There is no и ("438) in font nullfont!
Missing character: There is no с ("441) in font nullfont!
Missing character: There is no и ("438) in font nullfont!
Missing character: There is no т ("442) in font nullfont!
Missing character: There is no о ("43E) in font nullfont!
Missing character: There is no т ("442) in font nullfont!
Missing character: There is no т ("442) in font nullfont!
Missing character: There is no р ("440) in font nullfont!
Missing character: There is no е ("435) in font nullfont!
Missing character: There is no б ("431) in font nullfont!
Missing character: There is no о ("43E) in font nullfont!
Missing character: There is no в ("432) in font nullfont!
Missing character: There is no а ("430) in font nullfont!
Missing character: There is no н ("43D) in font nullfont!
Missing character: There is no и ("438) in font nullfont!
Missing character: There is no я ("44F) in font nullfont!
Missing character: There is no п ("43F) in font nullfont!
Missing character: There is no р ("440) in font nullfont!
Missing character: There is no е ("435) in font nullfont!
Missing character: There is no п ("43F) in font nullfont!
Missing character: There is no о ("43E) in font nullfont!
Missing character: There is no д ("434) in font nullfont!
Missing character: There is no а ("430) in font nullfont!
Missing character: There is no в ("432) in font nullfont!
Missing character: There is no а ("430) in font nullfont!
Missing character: There is no т ("442) in font nullfont!
Missing character: There is no е ("435) in font nullfont!
Missing character: There is no л ("43B) in font nullfont!
Missing character: There is no я ("44F) in font nullfont!
Missing character: There is no , ("2C) in font nullfont!
Missing character: There is no п ("43F) in font nullfont!
Missing character: There is no о ("43E) in font nullfont!
Missing character: There is no э ("44D) in font nullfont!
Missing character: There is no т ("442) in font nullfont!
Missing character: There is no о ("43E) in font nullfont!
Missing character: There is no м ("43C) in font nullfont!
Missing character: There is no у ("443) in font nullfont!
Missing character: There is no ф ("444) in font nullfont!
Missing character: There is no а ("430) in font nullfont!
Missing character: There is no й ("439) in font nullfont!
Missing character: There is no л ("43B) in font nullfont!
Missing character: There is no c ("63) in font nullfont!
Missing character: There is no o ("6F) in font nullfont!
Missing character: There is no n ("6E) in font nullfont!
Missing character: There is no t ("74) in font nullfont!
Missing character: There is no e ("65) in font nullfont!
Missing character: There is no n ("6E) in font nullfont!
Missing character: There is no t ("74) in font nullfont!
Missing character: There is no . ("2E) in font nullfont!
Missing character: There is no t ("74) in font nullfont!
Missing character: There is no e ("65) in font nullfont!
Missing character: There is no x ("78) in font nullfont!
Missing character: There is no о ("43E) in font nullfont!
Missing character: There is no т ("442) in font nullfont!
Missing character: There is no д ("434) in font nullfont!
Missing character: There is no е ("435) in font nullfont!
Missing character: There is no л ("43B) in font nullfont!
Missing character: There is no ь ("44C) in font nullfont!
Missing character: There is no н ("43D) in font nullfont!
Missing character: There is no о ("43E) in font nullfont!
Missing character: There is no в ("432) in font nullfont!
Missing character: There is no ы ("44B) in font nullfont!
Missing character: There is no д ("434) in font nullfont!
Missing character: There is no е ("435) in font nullfont!
Missing character: There is no л ("43B) in font nullfont!
Missing character: There is no е ("435) in font nullfont!
Missing character: There is no н ("43D) in font nullfont!
Missing character: There is no о ("43E) in font nullfont!
Missing character: There is no т ("442) in font nullfont!
Missing character: There is no в ("432) in font nullfont!
Missing character: There is no с ("441) in font nullfont!
Missing character: There is no е ("435) in font nullfont!
Missing character: There is no х ("445) in font nullfont!
Missing character: There is no д ("434) in font nullfont!
Missing character: There is no р ("440) in font nullfont!
Missing character: There is no у ("443) in font nullfont!
Missing character: There is no г ("433) in font nullfont!
Missing character: There is no и ("438) in font nullfont!
Missing character: There is no х ("445) in font nullfont!
Missing character: There is no в ("432) in font nullfont!
Missing character: There is no ш ("448) in font nullfont!
Missing character: There is no а ("430) in font nullfont!
Missing character: There is no б ("431) in font nullfont!
Missing character: There is no л ("43B) in font nullfont!
Missing character: There is no о ("43E) in font nullfont!
Missing character: There is no н ("43D) in font nullfont!
Missing character: There is no е ("435) in font nullfont!
Missing character: There is no и ("438) in font nullfont!
Missing character: There is no н ("43D) in font nullfont!
Missing character: There is no е ("435) in font nullfont!
Missing character: There is no д ("434) in font nullfont!
Missing character: There is no е ("435) in font nullfont!
Missing character: There is no л ("43B) in font nullfont!
Missing character: There is no и ("438) in font nullfont!
Missing character: There is no т ("442) in font nullfont!
Missing character: There is no с ("441) in font nullfont!
Missing character: There is no я ("44F) in font nullfont!
Missing character: There is no н ("43D) in font nullfont!
Missing character: There is no а ("430) in font nullfont!
Missing character: There is no п ("43F) in font nullfont!
Missing character: There is no о ("43E) in font nullfont!
Missing character: There is no д ("434) in font nullfont!
Missing character: There is no ч ("447) in font nullfont!
Missing character: There is no а ("430) in font nullfont!
Missing character: There is no с ("441) in font nullfont!
Missing character: There is no т ("442) in font nullfont!
Missing character: There is no и ("438) in font nullfont!
Missing character: There is no . ("2E) in font nullfont!

Overfull \hbox (20.0pt too wide) in paragraph at lines 1--4
[]
 []


! LaTeX Error: The font size command \normalsize is not defined:
               there is probably something wrong with the class file.

See the LaTeX manual or LaTeX Companion for explanation.
Type  H <return>  for immediate help.
 ...                                              
                                                  
l.7 \newpage
            
? 
! Emergency stop.
 ...                                              
                                                  
l.7 \newpage
            
Your command was ignored.
Type  I <command> <return>  to replace it with another command,
or  <return>  to continue without it.

 
Here is how much of TeX's memory you used:
 20 strings out of 476156
 615 string characters out of 5814963
 298780 words of memory out of 5000000
 20894 multiletter control sequences out of 15000+600000
 469267 words of font info for 29 fonts, out of 8000000 for 9000
 1348 hyphenation exceptions out of 8191
 16i,2n,12p,180b,93s stack positions out of 5000i,500n,10000p,200000b,80000s
No pages of output.
